<?xml version="1.0" encoding="UTF-8"?>
<!-- Generated by org.testng.reporters.JUnitReportReporter -->
<testsuite hostname="EPRURYAW0774" name="com.epam.java.khokholko_tatiana.framework.YandexTest" tests="12" failures="0" timestamp="7 Sep 2016 12:09:49 GMT" time="22.692" errors="0">
  <testcase name="letterDraftsCheck" time="1.638" classname="com.epam.java.khokholko_tatiana.framework.YandexTest"/>
  <testcase name="discardDrafts" time="0.361" classname="com.epam.java.khokholko_tatiana.framework.YandexTest"/>
  <testcase name="letterDraftsCheck" time="1.733" classname="com.epam.java.khokholko_tatiana.framework.YandexTest"/>
  <testcase name="checkSentMails" time="2.489" classname="com.epam.java.khokholko_tatiana.framework.YandexTest"/>
  <testcase name="writeLetterDrafts" time="2.482" classname="com.epam.java.khokholko_tatiana.framework.YandexTest"/>
  <testcase name="discardSentLetters" time="0.455" classname="com.epam.java.khokholko_tatiana.framework.YandexTest"/>
  <testcase name="yandexSendLetter" time="2.636" classname="com.epam.java.khokholko_tatiana.framework.YandexTest"/>
  <testcase name="loginTest" time="3.315" classname="com.epam.java.khokholko_tatiana.framework.YandexTest"/>
  <testcase name="yandexSendLetter" time="2.307" classname="com.epam.java.khokholko_tatiana.framework.YandexTest"/>
  <testcase name="writeLetterDrafts" time="2.225" classname="com.epam.java.khokholko_tatiana.framework.YandexTest"/>
  <testcase name="exit" time="1.282" classname="com.epam.java.khokholko_tatiana.framework.YandexTest"/>
  <testcase name="checkSentMails" time="1.769" classname="com.epam.java.khokholko_tatiana.framework.YandexTest"/>
</testsuite> <!-- com.epam.java.khokholko_tatiana.framework.YandexTest -->
